# JRE version: OpenJDK Runtime Environment (8.0_152-b02) (build 1.8.0_152-release-1024-b02)
# Java VM: OpenJDK 64-Bit Server VM (25.152-b02 mixed mode windows-amd64 compressed oops)
Heap:
 PSYoungGen      total 142336K, used 135723K [0x00000000e0000000, 0x00000000e9600000, 0x0000000100000000)
  eden space 131584K, 97% used [0x00000000e0000000,0x00000000e7da4d90,0x00000000e8080000)
  from space 10752K, 65% used [0x00000000e8b00000,0x00000000e91e6188,0x00000000e9580000)
  to   space 10752K, 0% used [0x00000000e8080000,0x00000000e8080000,0x00000000e8b00000)
 ParOldGen       total 211968K, used 58890K [0x00000000a0000000, 0x00000000acf00000, 0x00000000e0000000)
  object space 211968K, 27% used [0x00000000a0000000,0x00000000a3982b90,0x00000000acf00000)
 Metaspace       used 92708K, capacity 98444K, committed 100824K, reserved 1136640K
  class space    used 11590K, capacity 12695K, committed 13272K, reserved 1048576K
GC Heap History (10 events):
Event: 9184.124 GC heap before
{Heap before GC invocations=88 (full 4):
 PSYoungGen      total 141824K, used 136931K [0x00000000e0000000, 0x00000000e9580000, 0x0000000100000000)
  eden space 130048K, 100% used [0x00000000e0000000,0x00000000e7f00000,0x00000000e7f00000)
  from space 11776K, 58% used [0x00000000e7f00000,0x00000000e85b8de8,0x00000000e8a80000)
  to   space 11264K, 0% used [0x00000000e8a80000,0x00000000e8a80000,0x00000000e9580000)
 ParOldGen       total 211968K, used 58610K [0x00000000a0000000, 0x00000000acf00000, 0x00000000e0000000)
  object space 211968K, 27% used [0x00000000a0000000,0x00000000a393cb90,0x00000000acf00000)
 Metaspace       used 92604K, capacity 98376K, committed 100824K, reserved 1136640K
  class space    used 11590K, capacity 12695K, committed 13272K, reserved 1048576K
Event: 9184.130 GC heap after
Heap after GC invocations=88 (full 4):
 PSYoungGen      total 140800K, used 6138K [0x00000000e0000000, 0x00000000e9480000, 0x0000000100000000)
  eden space 130560K, 0% used [0x00000000e0000000,0x00000000e0000000,0x00000000e7f80000)
  from space 10240K, 59% used [0x00000000e8a80000,0x00000000e907ebb8,0x00000000e9480000)
  to   space 10752K, 0% used [0x00000000e7f80000,0x00000000e7f80000,0x00000000e8a00000)
 ParOldGen       total 211968K, used 58674K [0x00000000a0000000, 0x00000000acf00000, 0x00000000e0000000)
  object space 211968K, 27% used [0x00000000a0000000,0x00000000a394cb90,0x00000000acf00000)
 Metaspace       used 92604K, capacity 98376K, committed 100824K, reserved 1136640K
  class space    used 11590K, capacity 12695K, committed 13272K, reserved 1048576K
}
Event: 9206.615 GC heap before
{Heap before GC invocations=89 (full 4):
 PSYoungGen      total 140800K, used 136698K [0x00000000e0000000, 0x00000000e9480000, 0x0000000100000000)
  eden space 130560K, 100% used [0x00000000e0000000,0x00000000e7f80000,0x00000000e7f80000)
  from space 10240K, 59% used [0x00000000e8a80000,0x00000000e907ebb8,0x00000000e9480000)
  to   space 10752K, 0% used [0x00000000e7f80000,0x00000000e7f80000,0x00000000e8a00000)
 ParOldGen       total 211968K, used 58674K [0x00000000a0000000, 0x00000000acf00000, 0x00000000e0000000)
  object space 211968K, 27% used [0x00000000a0000000,0x00000000a394cb90,0x00000000acf00000)
 Metaspace       used 92622K, capacity 98376K, committed 100824K, reserved 1136640K
  class space    used 11590K, capacity 12695K, committed 13272K, reserved 1048576K
Event: 9206.620 GC heap after
Heap after GC invocations=89 (full 4):
 PSYoungGen      total 141312K, used 6000K [0x00000000e0000000, 0x00000000e9500000, 0x0000000100000000)
  eden space 130560K, 0% used [0x00000000e0000000,0x00000000e0000000,0x00000000e7f80000)
  from space 10752K, 55% used [0x00000000e7f80000,0x00000000e855c030,0x00000000e8a00000)
  to   space 10752K, 0% used [0x00000000e8a80000,0x00000000e8a80000,0x00000000e9500000)
 ParOldGen       total 211968K, used 58722K [0x00000000a0000000, 0x00000000acf00000, 0x00000000e0000000)
  object space 211968K, 27% used [0x00000000a0000000,0x00000000a3958b90,0x00000000acf00000)
 Metaspace       used 92622K, capacity 98376K, committed 100824K, reserved 1136640K
  class space    used 11590K, capacity 12695K, committed 13272K, reserved 1048576K
}
Event: 9227.782 GC heap before
{Heap before GC invocations=90 (full 4):
 PSYoungGen      total 141312K, used 136560K [0x00000000e0000000, 0x00000000e9500000, 0x0000000100000000)
  eden space 130560K, 100% used [0x00000000e0000000,0x00000000e7f80000,0x00000000e7f80000)
  from space 10752K, 55% used [0x00000000e7f80000,0x00000000e855c030,0x00000000e8a00000)
  to   space 10752K, 0% used [0x00000000e8a80000,0x00000000e8a80000,0x00000000e9500000)
 ParOldGen       total 211968K, used 58722K [0x00000000a0000000, 0x00000000acf00000, 0x00000000e0000000)
  object space 211968K, 27% used [0x00000000a0000000,0x00000000a3958b90,0x00000000acf00000)
 Metaspace       used 92642K, capacity 98440K, committed 100824K, reserved 1136640K
  class space    used 11590K, capacity 12695K, committed 13272K, reserved 1048576K
Event: 9227.794 GC heap after
Heap after GC invocations=90 (full 4):
 PSYoungGen      total 140800K, used 5952K [0x00000000e0000000, 0x00000000e9400000, 0x0000000100000000)
  eden space 131072K, 0% used [0x00000000e0000000,0x00000000e0000000,0x00000000e8000000)
  from space 9728K, 61% used [0x00000000e8a80000,0x00000000e9050020,0x00000000e9400000)
  to   space 10240K, 0% used [0x00000000e8000000,0x00000000e8000000,0x00000000e8a00000)
 ParOldGen       total 211968K, used 58770K [0x00000000a0000000, 0x00000000acf00000, 0x00000000e0000000)
  object space 211968K, 27% used [0x00000000a0000000,0x00000000a3964b90,0x00000000acf00000)
 Metaspace       used 92642K, capacity 98440K, committed 100824K, reserved 1136640K
  class space    used 11590K, capacity 12695K, committed 13272K, reserved 1048576K
}
Event: 9374.148 GC heap before
{Heap before GC invocations=91 (full 4):
 PSYoungGen      total 140800K, used 137024K [0x00000000e0000000, 0x00000000e9400000, 0x0000000100000000)
  eden space 131072K, 100% used [0x00000000e0000000,0x00000000e8000000,0x00000000e8000000)
  from space 9728K, 61% used [0x00000000e8a80000,0x00000000e9050020,0x00000000e9400000)
  to   space 10240K, 0% used [0x00000000e8000000,0x00000000e8000000,0x00000000e8a00000)
 ParOldGen       total 211968K, used 58770K [0x00000000a0000000, 0x00000000acf00000, 0x00000000e0000000)
  object space 211968K, 27% used [0x00000000a0000000,0x00000000a3964b90,0x00000000acf00000)
 Metaspace       used 92652K, capacity 98440K, committed 100824K, reserved 1136640K
  class space    used 11590K, capacity 12695K, committed 13272K, reserved 1048576K
Event: 9374.152 GC heap after
Heap after GC invocations=91 (full 4):
 PSYoungGen      total 141312K, used 2512K [0x00000000e0000000, 0x00000000e9580000, 0x0000000100000000)
  eden space 131072K, 0% used [0x00000000e0000000,0x00000000e0000000,0x00000000e8000000)
  from space 10240K, 24% used [0x00000000e8000000,0x00000000e8274030,0x00000000e8a00000)
  to   space 10752K, 0% used [0x00000000e8b00000,0x00000000e8b00000,0x00000000e9580000)
 ParOldGen       total 211968K, used 58826K [0x00000000a0000000, 0x00000000acf00000, 0x00000000e0000000)
  object space 211968K, 27% used [0x00000000a0000000,0x00000000a3972b90,0x00000000acf00000)
 Metaspace       used 92652K, capacity 98440K, committed 100824K, reserved 1136640K
  class space    used 11590K, capacity 12695K, committed 13272K, reserved 1048576K
}
Event: 9376.209 GC heap before
{Heap before GC invocations=92 (full 4):
 PSYoungGen      total 141312K, used 133584K [0x00000000e0000000, 0x00000000e9580000, 0x0000000100000000)
  eden space 131072K, 100% used [0x00000000e0000000,0x00000000e8000000,0x00000000e8000000)
  from space 10240K, 24% used [0x00000000e8000000,0x00000000e8274030,0x00000000e8a00000)
  to   space 10752K, 0% used [0x00000000e8b00000,0x00000000e8b00000,0x00000000e9580000)
 ParOldGen       total 211968K, used 58826K [0x00000000a0000000, 0x00000000acf00000, 0x00000000e0000000)
  object space 211968K, 27% used [0x00000000a0000000,0x00000000a3972b90,0x00000000acf00000)
 Metaspace       used 92668K, capacity 98440K, committed 100824K, reserved 1136640K
  class space    used 11590K, capacity 12695K, committed 13272K, reserved 1048576K
Event: 9376.215 GC heap after
Heap after GC invocations=92 (full 4):
 PSYoungGen      total 142336K, used 7064K [0x00000000e0000000, 0x00000000e9600000, 0x0000000100000000)
  eden space 131584K, 0% used [0x00000000e0000000,0x00000000e0000000,0x00000000e8080000)
  from space 10752K, 65% used [0x00000000e8b00000,0x00000000e91e6188,0x00000000e9580000)
  to   space 10752K, 0% used [0x00000000e8080000,0x00000000e8080000,0x00000000e8b00000)
 ParOldGen       total 211968K, used 58890K [0x00000000a0000000, 0x00000000acf00000, 0x00000000e0000000)
  object space 211968K, 27% used [0x00000000a0000000,0x00000000a3982b90,0x00000000acf00000)
 Metaspace       used 92668K, capacity 98440K, committed 100824K, reserved 1136640K
  class space    used 11590K, capacity 12695K, committed 13272K, reserved 1048576K
}

